1677237173402	geckodriver	INFO	Listening on 127.0.0.1:34831
1677237173981	mozrunner::runner	INFO	Running command: "/usr/bin/firefox" "--marionette" "--remote-debugging-port" "44161" "--remote-allow-hosts" "localhost" "-no-remote" "-profile" "/tmp/rust_mozprofileZObD1U"
ATTENTION: default value of option mesa_glthread overridden by environment.
ATTENTION: default value of option mesa_glthread overridden by environment.
ATTENTION: default value of option mesa_glthread overridden by environment.
ATTENTION: default value of option mesa_glthread overridden by environment.
1677237174868	Marionette	INFO	Marionette enabled
1677237174873	Marionette	INFO	Listening on port 38423
Read port: 38423
WebDriver BiDi listening on ws://localhost:44161
1677237175056	RemoteAgent	WARN	TLS certificate errors will be ignored for this session
console.warn: SearchSettings: "get: No settings file exists, new profile?" (new NotFoundError("Could not open the file at /tmp/rust_mozprofileZObD1U/search.json.mozlz4", (void 0)))
Missing chrome or resource URL: resource://gre/modules/UpdateListener.jsm
Missing chrome or resource URL: resource://gre/modules/UpdateListener.sys.mjs
DevTools listening on ws://localhost:44161/devtools/browser/81d6d358-cb28-4ba9-ba2d-1687c916d2dc
JavaScript warning: https://hectorstatic.baidu.com/96c9c06653ba892e.js, line 3: WEBGL_debug_renderer_info is deprecated in Firefox and will be removed. Please use RENDERER.
Missing chrome or resource URL: resource://gre/modules/UpdateListener.jsm
Missing chrome or resource URL: resource://gre/modules/UpdateListener.sys.mjs
console.error: "Error during quit-application-granted: [Exception... \"File error: Not found\"  nsresult: \"0x80520012 (NS_ERROR_FILE_NOT_FOUND)\"  location: \"JS frame :: resource:///modules/BrowserGlue.jsm :: _onQuitApplicationGranted/tasks< :: line 1996\"  data: no]"
1677237480110	Marionette	INFO	Stopped listening on port 38423
1677239278431	geckodriver::marionette	ERROR	Failed to close browser connection: Socket not connected (os error 107)
1677239285485	geckodriver	INFO	Listening on 127.0.0.1:56985
1677239286557	mozrunner::runner	INFO	Running command: "/usr/bin/firefox" "--marionette" "--remote-debugging-port" "55129" "--remote-allow-hosts" "localhost" "-no-remote" "-profile" "/tmp/rust_mozprofileEpWCM5"
ATTENTION: default value of option mesa_glthread overridden by environment.
ATTENTION: default value of option mesa_glthread overridden by environment.
ATTENTION: default value of option mesa_glthread overridden by environment.
ATTENTION: default value of option mesa_glthread overridden by environment.
1677239287242	Marionette	INFO	Marionette enabled
1677239287247	Marionette	INFO	Listening on port 41033
WebDriver BiDi listening on ws://localhost:55129
Read port: 41033
1677239287398	RemoteAgent	WARN	TLS certificate errors will be ignored for this session
console.warn: SearchSettings: "get: No settings file exists, new profile?" (new NotFoundError("Could not open the file at /tmp/rust_mozprofileEpWCM5/search.json.mozlz4", (void 0)))
Missing chrome or resource URL: resource://gre/modules/UpdateListener.jsm
Missing chrome or resource URL: resource://gre/modules/UpdateListener.sys.mjs
DevTools listening on ws://localhost:55129/devtools/browser/2dca14ea-d4d8-4916-8a75-8c723c0dc4b5
JavaScript error: resource://pdf.js/PdfStreamConverter.jsm, line 1018: NS_ERROR_FAILURE: Ignore PDF.js for this download.
1677239334300	geckodriver	INFO	Listening on 127.0.0.1:33795
1677239334930	mozrunner::runner	INFO	Running command: "/usr/bin/firefox" "--marionette" "--remote-debugging-port" "43023" "--remote-allow-hosts" "localhost" "-no-remote" "-profile" "/tmp/rust_mozprofilejuOiwH"
ATTENTION: default value of option mesa_glthread overridden by environment.
ATTENTION: default value of option mesa_glthread overridden by environment.
ATTENTION: default value of option mesa_glthread overridden by environment.
ATTENTION: default value of option mesa_glthread overridden by environment.
1677239335693	Marionette	INFO	Marionette enabled
1677239335696	Marionette	INFO	Listening on port 33055
WebDriver BiDi listening on ws://localhost:43023
Read port: 33055
1677239335869	RemoteAgent	WARN	TLS certificate errors will be ignored for this session
console.warn: SearchSettings: "get: No settings file exists, new profile?" (new NotFoundError("Could not open the file at /tmp/rust_mozprofilejuOiwH/search.json.mozlz4", (void 0)))
Missing chrome or resource URL: resource://gre/modules/UpdateListener.jsm
Missing chrome or resource URL: resource://gre/modules/UpdateListener.sys.mjs
DevTools listening on ws://localhost:43023/devtools/browser/521c3803-ab29-4eb1-86d1-bd241da2d96c
JavaScript error: resource://pdf.js/PdfStreamConverter.jsm, line 1018: NS_ERROR_FAILURE: Ignore PDF.js for this download.
